[0m18:46:24.492627 [debug] [MainThread]: Sending event: {'category': 'dbt', 'action': 'invocation', 'label': 'start', 'context': [<snowplow_tracker.self_describing_json.SelfDescribingJson object at 0x752c7868a510>, <snowplow_tracker.self_describing_json.SelfDescribingJson object at 0x752c7786f750>, <snowplow_tracker.self_describing_json.SelfDescribingJson object at 0x752c7766bed0>]}


============================== 18:46:24.536113 | d97237fd-0eb9-4c86-ac1d-df34a900c568 ==============================
[0m18:46:24.536113 [info ] [MainThread]: Running with dbt=1.9.4
[0m18:46:24.536540 [debug] [MainThread]: running dbt with arguments {'printer_width': '80', 'indirect_selection': 'eager', 'log_cache_events': 'False', 'write_json': 'True', 'partial_parse': 'True', 'cache_selected_only': 'False', 'profiles_dir': '/home/kisaraf/.dbt', 'fail_fast': 'False', 'warn_error': 'None', 'log_path': 'logs', 'version_check': 'True', 'debug': 'False', 'use_colors': 'True', 'use_experimental_parser': 'False', 'empty': 'None', 'quiet': 'False', 'no_print': 'None', 'log_format': 'default', 'static_parser': 'True', 'introspect': 'True', 'invocation_command': 'dbt init dbt-practice', 'target_path': 'None', 'warn_error_options': 'WarnErrorOptions(include=[], exclude=[])', 'send_anonymous_usage_stats': 'True'}
[0m18:46:34.817423 [debug] [MainThread]: Starter project path: /home/kisaraf/sandbox_dev/dbt_practice/.venv/lib/python3.13/site-packages/dbt/include/starter_project
[0m18:46:34.832019 [info ] [MainThread]: 
Your new dbt project "dbt_practice" was created!

For more information on how to configure the profiles.yml file,
please consult the dbt documentation here:

  https://docs.getdbt.com/docs/configure-your-profile

One more thing:

Need help? Don't hesitate to reach out to us via GitHub issues or on Slack:

  https://community.getdbt.com/

Happy modeling!

[0m18:46:34.832399 [info ] [MainThread]: Setting up your profile.
[0m18:47:30.690498 [info ] [MainThread]: Profile dbt_practice written to /home/kisaraf/.dbt/profiles.yml using target's profile_template.yml and your supplied values. Run 'dbt debug' to validate the connection.
[0m18:47:30.691428 [debug] [MainThread]: Resource report: {"command_name": "init", "command_success": true, "command_wall_clock_time": 66.23826, "process_in_blocks": "110608", "process_kernel_time": 0.280659, "process_mem_max_rss": "117400", "process_out_blocks": "1368", "process_user_time": 1.122637}
[0m18:47:30.692001 [debug] [MainThread]: Command `dbt init` succeeded at 18:47:30.691906 after 66.24 seconds
[0m18:47:30.692268 [debug] [MainThread]: Sending event: {'category': 'dbt', 'action': 'invocation', 'label': 'end', 'context': [<snowplow_tracker.self_describing_json.SelfDescribingJson object at 0x752c76042060>, <snowplow_tracker.self_describing_json.SelfDescribingJson object at 0x752c7604dc70>, <snowplow_tracker.self_describing_json.SelfDescribingJson object at 0x752c761caad0>]}
[0m18:47:30.692546 [debug] [MainThread]: Flushing usage events
[0m18:47:31.447834 [debug] [MainThread]: An error was encountered while trying to flush usage events
[0m11:34:52.754127 [debug] [MainThread]: Sending event: {'category': 'dbt', 'action': 'invocation', 'label': 'start', 'context': [<snowplow_tracker.self_describing_json.SelfDescribingJson object at 0x7dbd5da6e510>, <snowplow_tracker.self_describing_json.SelfDescribingJson object at 0x7dbd5cc4f750>, <snowplow_tracker.self_describing_json.SelfDescribingJson object at 0x7dbd5ca4fed0>]}


============================== 11:34:52.797936 | 1c4aaca6-1919-4ce8-b3f0-a044a7918e5c ==============================
[0m11:34:52.797936 [info ] [MainThread]: Running with dbt=1.9.4
[0m11:34:52.799967 [debug] [MainThread]: running dbt with arguments {'printer_width': '80', 'indirect_selection': 'eager', 'log_cache_events': 'False', 'write_json': 'True', 'partial_parse': 'True', 'cache_selected_only': 'False', 'warn_error': 'None', 'debug': 'False', 'version_check': 'True', 'log_path': 'logs', 'fail_fast': 'False', 'profiles_dir': '/home/kisaraf/.dbt', 'use_colors': 'True', 'use_experimental_parser': 'False', 'no_print': 'None', 'quiet': 'False', 'empty': 'None', 'warn_error_options': 'WarnErrorOptions(include=[], exclude=[])', 'introspect': 'True', 'invocation_command': 'dbt debug', 'static_parser': 'True', 'target_path': 'None', 'log_format': 'default', 'send_anonymous_usage_stats': 'True'}
[0m11:34:52.969368 [info ] [MainThread]: dbt version: 1.9.4
[0m11:34:52.970754 [info ] [MainThread]: python version: 3.13.7
[0m11:34:52.971829 [info ] [MainThread]: python path: /home/kisaraf/sandbox_dev/dbt_practice/.venv/bin/python
[0m11:34:52.972901 [info ] [MainThread]: os info: Linux-6.6.87.2-microsoft-standard-WSL2-x86_64-with-glibc2.31
[0m11:34:56.370824 [info ] [MainThread]: Using profiles dir at /home/kisaraf/.dbt
[0m11:34:56.372210 [info ] [MainThread]: Using profiles.yml file at /home/kisaraf/.dbt/profiles.yml
[0m11:34:56.373219 [info ] [MainThread]: Using dbt_project.yml file at /home/kisaraf/sandbox_dev/dbt_practice/dbt_project.yml
[0m11:34:56.375240 [info ] [MainThread]: adapter type: snowflake
[0m11:34:56.376404 [info ] [MainThread]: adapter version: 1.9.4
[0m11:34:56.384051 [info ] [MainThread]: Configuration:
[0m11:34:56.385542 [info ] [MainThread]:   profiles.yml file [[32mOK found and valid[0m]
[0m11:34:56.387327 [info ] [MainThread]:   dbt_project.yml file [[31mERROR not found[0m]
[0m11:34:56.398019 [info ] [MainThread]: Required dependencies:
[0m11:34:56.399984 [debug] [MainThread]: Executing "git --help"
[0m11:34:56.408119 [debug] [MainThread]: STDOUT: "b"usage: git [--version] [--help] [-C <path>] [-c <name>=<value>]\n           [--exec-path[=<path>]] [--html-path] [--man-path] [--info-path]\n           [-p | --paginate | -P | --no-pager] [--no-replace-objects] [--bare]\n           [--git-dir=<path>] [--work-tree=<path>] [--namespace=<name>]\n           <command> [<args>]\n\nThese are common Git commands used in various situations:\n\nstart a working area (see also: git help tutorial)\n   clone             Clone a repository into a new directory\n   init              Create an empty Git repository or reinitialize an existing one\n\nwork on the current change (see also: git help everyday)\n   add               Add file contents to the index\n   mv                Move or rename a file, a directory, or a symlink\n   restore           Restore working tree files\n   rm                Remove files from the working tree and from the index\n   sparse-checkout   Initialize and modify the sparse-checkout\n\nexamine the history and state (see also: git help revisions)\n   bisect            Use binary search to find the commit that introduced a bug\n   diff              Show changes between commits, commit and working tree, etc\n   grep              Print lines matching a pattern\n   log               Show commit logs\n   show              Show various types of objects\n   status            Show the working tree status\n\ngrow, mark and tweak your common history\n   branch            List, create, or delete branches\n   commit            Record changes to the repository\n   merge             Join two or more development histories together\n   rebase            Reapply commits on top of another base tip\n   reset             Reset current HEAD to the specified state\n   switch            Switch branches\n   tag               Create, list, delete or verify a tag object signed with GPG\n\ncollaborate (see also: git help workflows)\n   fetch             Download objects and refs from another repository\n   pull              Fetch from and integrate with another repository or a local branch\n   push              Update remote refs along with associated objects\n\n'git help -a' and 'git help -g' list available subcommands and some\nconcept guides. See 'git help <command>' or 'git help <concept>'\nto read about a specific subcommand or concept.\nSee 'git help git' for an overview of the system.\n""
[0m11:34:56.409377 [debug] [MainThread]: STDERR: "b''"
[0m11:34:56.410266 [info ] [MainThread]:  - git [[32mOK found[0m]

[0m11:34:56.411255 [info ] [MainThread]: Connection:
[0m11:34:56.412349 [info ] [MainThread]:   account: DKGNMPZ-EG11174
[0m11:34:56.413321 [info ] [MainThread]:   user: KISARAWF01
[0m11:34:56.414174 [info ] [MainThread]:   database: AIRBNB
[0m11:34:56.415140 [info ] [MainThread]:   warehouse: LARGE_WH
[0m11:34:56.416007 [info ] [MainThread]:   role: ACCOUNTADMIN
[0m11:34:56.416862 [info ] [MainThread]:   schema: DEV_2
[0m11:34:56.427095 [info ] [MainThread]:   authenticator: None
[0m11:34:56.428147 [info ] [MainThread]:   oauth_client_id: None
[0m11:34:56.429062 [info ] [MainThread]:   query_tag: None
[0m11:34:56.429961 [info ] [MainThread]:   client_session_keep_alive: False
[0m11:34:56.431035 [info ] [MainThread]:   host: None
[0m11:34:56.431951 [info ] [MainThread]:   port: None
[0m11:34:56.432879 [info ] [MainThread]:   proxy_host: None
[0m11:34:56.433771 [info ] [MainThread]:   proxy_port: None
[0m11:34:56.434753 [info ] [MainThread]:   protocol: None
[0m11:34:56.435639 [info ] [MainThread]:   connect_retries: 1
[0m11:34:56.436519 [info ] [MainThread]:   connect_timeout: None
[0m11:34:56.437640 [info ] [MainThread]:   retry_on_database_errors: False
[0m11:34:56.438793 [info ] [MainThread]:   retry_all: False
[0m11:34:56.439727 [info ] [MainThread]:   insecure_mode: False
[0m11:34:56.440764 [info ] [MainThread]:   reuse_connections: True
[0m11:34:56.442472 [info ] [MainThread]: Registered adapter: snowflake=1.9.4
[0m11:34:56.809847 [debug] [MainThread]: Acquiring new snowflake connection 'debug'
[0m11:34:56.960940 [debug] [MainThread]: Using snowflake connection "debug"
[0m11:34:56.961967 [debug] [MainThread]: On debug: select 1 as id
[0m11:34:56.962940 [debug] [MainThread]: Opening a new connection, currently in state init
[0m11:35:02.476986 [debug] [MainThread]: SQL status: SUCCESS 1 in 5.514 seconds
[0m11:35:02.480061 [info ] [MainThread]:   Connection test: [[32mOK connection ok[0m]

[0m11:35:02.481352 [info ] [MainThread]: [31m1 check failed:[0m
[0m11:35:02.482398 [info ] [MainThread]: Project loading failed for the following reason:
 project path </home/kisaraf/sandbox_dev/dbt_practice/dbt_project.yml> not found

[0m11:35:02.484503 [debug] [MainThread]: Resource report: {"command_name": "debug", "command_success": false, "command_wall_clock_time": 10.067971, "process_in_blocks": "123568", "process_kernel_time": 5.608716, "process_mem_max_rss": "141300", "process_out_blocks": "40", "process_user_time": 14.081459}
[0m11:35:02.485682 [debug] [MainThread]: Command `dbt debug` failed at 11:35:02.485416 after 10.07 seconds
[0m11:35:02.486676 [debug] [MainThread]: Connection 'debug' was left open.
[0m11:35:02.496607 [debug] [MainThread]: On debug: Close
[0m11:35:02.928776 [debug] [MainThread]: Sending event: {'category': 'dbt', 'action': 'invocation', 'label': 'end', 'context': [<snowplow_tracker.self_describing_json.SelfDescribingJson object at 0x7dbd59ebfce0>, <snowplow_tracker.self_describing_json.SelfDescribingJson object at 0x7dbd5af3ccb0>, <snowplow_tracker.self_describing_json.SelfDescribingJson object at 0x7dbd5b58b350>]}
[0m11:35:02.930321 [debug] [MainThread]: Flushing usage events
[0m11:35:04.025898 [debug] [MainThread]: An error was encountered while trying to flush usage events
